{
  "stats": {
    "suites": 1,
    "tests": 1,
    "passes": 1,
    "pending": 0,
    "failures": 0,
    "start": "2021-02-01T03:39:54.254Z",
    "end": "2021-02-01T03:40:03.628Z",
    "duration": 9374,
    "testsRegistered": 1,
    "passPercent": 100,
    "pendingPercent": 0,
    "other": 0,
    "hasOther": false,
    "skipped": 0,
    "hasSkipped": false
  },
  "results": [
    {
      "uuid": "47bcb92d-0891-488e-9c80-fef4c511fb56",
      "title": "",
      "fullFile": "cypress\\integration\\api.test.second.specs.js",
      "file": "cypress\\integration\\api.test.second.specs.js",
      "beforeHooks": [],
      "afterHooks": [],
      "tests": [],
      "suites": [
        {
          "uuid": "c9dd0fa3-edcb-482c-a4c5-cb0da11f8455",
          "title": "api testing",
          "fullFile": "",
          "file": "",
          "beforeHooks": [],
          "afterHooks": [],
          "tests": [
            {
              "title": "delete feed",
              "fullTitle": "api testing delete feed",
              "timedOut": null,
              "duration": 9299,
              "state": "passed",
              "speed": "slow",
              "pass": true,
              "fail": false,
              "pending": false,
              "context": null,
              "code": "var articleBody = {\n  article: {\n    tagList: [],\n    title: \"test automations\",\n    description: \"article on test automations\",\n    body: \"this is regarding how to perform test automations in a corporate environment\"\n  }\n};\ncy.get(\"@token\").then(function (token) {\n  cy.request({\n    url: Cypress.env(\"apiUrl\") + \"articles/\",\n    headers: {\n      Authorization: \"Token \" + token\n    },\n    method: \"POST\",\n    body: articleBody\n  }).then(function (res) {\n    expect(res.status).to.equal(200);\n    cy.contains(\"Global Feed\").click();\n    cy.get(\".article-preview\").contains(\"test automations\").click();\n    cy.contains(\"Delete Article\").click();\n    cy.request({\n      url: Cypress.env(\"apiUrl\") + \"articles?limit=10&offset=0\",\n      headers: {\n        Authorization: \"Token \" + token\n      },\n      method: \"GET\"\n    }).its(\"body\").then(function (body) {\n      expect(body.articles[0].title).to.be.not.equal(\"test automations\");\n    });\n  });\n});",
              "err": {},
              "uuid": "6475049b-f678-447b-af5c-9898aa50b2ab",
              "parentUUID": "c9dd0fa3-edcb-482c-a4c5-cb0da11f8455",
              "isHook": false,
              "skipped": false
            }
          ],
          "suites": [],
          "passes": [
            "6475049b-f678-447b-af5c-9898aa50b2ab"
          ],
          "failures": [],
          "pending": [],
          "skipped": [],
          "duration": 9299,
          "root": false,
          "rootEmpty": false,
          "_timeout": 2000
        }
      ],
      "passes": [],
      "failures": [],
      "pending": [],
      "skipped": [],
      "duration": 0,
      "root": true,
      "rootEmpty": true,
      "_timeout": 2000
    }
  ],
  "meta": {
    "mocha": {
      "version": "7.0.1"
    },
    "mochawesome": {
      "options": {
        "quiet": false,
        "reportFilename": "mochawesome",
        "saveHtml": false,
        "saveJson": true,
        "consoleReporter": "spec",
        "useInlineDiffs": false,
        "code": true
      },
      "version": "6.2.1"
    },
    "marge": {
      "options": {
        "id": "default",
        "reportDir": "cypress/results/mochawesome",
        "overwrite": false,
        "html": false,
        "json": true
      },
      "version": "5.1.0"
    }
  }
}