{
  "stats": {
    "suites": 1,
    "tests": 1,
    "passes": 0,
    "pending": 0,
    "failures": 1,
    "start": "2021-02-01T03:38:42.448Z",
    "end": "2021-02-01T03:38:44.336Z",
    "duration": 1888,
    "testsRegistered": 4,
    "passPercent": 0,
    "pendingPercent": 0,
    "other": 0,
    "hasOther": false,
    "skipped": 3,
    "hasSkipped": true
  },
  "results": [
    {
      "uuid": "b846f1e5-3a88-437b-9ce7-75eb5bf1fc50",
      "title": "",
      "fullFile": "cypress\\integration\\api.test.specs.js",
      "file": "cypress\\integration\\api.test.specs.js",
      "beforeHooks": [],
      "afterHooks": [],
      "tests": [],
      "suites": [
        {
          "uuid": "0e1a15a9-27f0-4e97-a9a5-a4b5e2b5b6d3",
          "title": "api testing",
          "fullFile": "",
          "file": "",
          "beforeHooks": [],
          "afterHooks": [],
          "tests": [
            {
              "title": "Create and validate article",
              "fullTitle": "api testing Create and validate article",
              "timedOut": null,
              "duration": 534,
              "state": "failed",
              "speed": null,
              "pass": false,
              "fail": true,
              "pending": false,
              "context": null,
              "code": "cy.intercept(\"POST\", \"**/articles\").as(\"postArticles\");\ncy.wait(\"@tags\");\ncy.get('[href=\"/editor\"]').click();\ncy.get('[placeholder=\"Article Title\"]').type(\"Test article\");\ncy.get('[placeholder=\"What\\'s this article about?\"]').type(\"test whats the article about\");\ncy.get('[placeholder=\"Write your article (in markdown)\"]').type(\"Writing the article. testing\");\ncy.get('[placeholder=\"Enter tags\"]').type(\"general\");\ncy.get(\"button\").click();\ncy.wait(\"@postArticles\");\ncy.get(\"@postArticles\").then(function (xhr) {\n  console.log(xhr);\n  expect(xhr.response.statusCode).to.equal(200);\n});",
              "err": {
                "message": "CypressError: `cy.request()` failed on:\n\nhttp://localhost:4200/undefinedusers/login\n\nThe response we received from your web server was:\n\n  > 404: Not Found\n\nThis was considered a failure because the status code was not `2xx` or `3xx`.\n\nIf you do not want status codes to cause failures pass the option: `failOnStatusCode: false`\n\n-----------------------------------------------------------\n\nThe request we sent was:\n\nMethod: POST\nURL: http://localhost:4200/undefinedusers/login\nHeaders: {\n  \"Connection\": \"keep-alive\",\n  \"user-agent\": \"Mozilla/5.0 (Windows NT 10.0; Win64; x64) AppleWebKit/537.36 (KHTML, like Gecko) Cypress/6.3.0 Chrome/87.0.4280.141 Electron/11.2.0 Safari/537.36\",\n  \"accept\": \"*/*\",\n  \"accept-encoding\": \"gzip, deflate\",\n  \"content-type\": \"application/json\",\n  \"content-length\": 70\n}\nBody: {\"user\":{\"email\":\"rijuvijayan@gmail.com\",\"password\":\"testautomation\"}}\n\n-----------------------------------------------------------\n\nThe response we got was:\n\nStatus: 404 - Not Found\nHeaders: {\n  \"x-powered-by\": \"Express\",\n  \"access-control-allow-origin\": \"*\",\n  \"content-security-policy\": \"default-src 'none'\",\n  \"x-content-type-options\": \"nosniff\",\n  \"content-type\": \"text/html; charset=utf-8\",\n  \"content-length\": \"160\",\n  \"date\": \"Mon, 01 Feb 2021 03:38:43 GMT\",\n  \"connection\": \"keep-alive\"\n}\nBody: <!DOCTYPE html>\n<html lang=\"en\">\n<head>\n<meta charset=\"utf-8\">\n<title>Error</title>\n</head>\n<body>\n<pre>Cannot POST /undefinedusers/login</pre>\n</body>\n</html>\n\nhttps://on.cypress.io/request\n\nBecause this error occurred during a `before each` hook we are skipping the remaining tests in the current suite: `api testing`",
                "estack": "CypressError: `cy.request()` failed on:\n\nhttp://localhost:4200/undefinedusers/login\n\nThe response we received from your web server was:\n\n  > 404: Not Found\n\nThis was considered a failure because the status code was not `2xx` or `3xx`.\n\nIf you do not want status codes to cause failures pass the option: `failOnStatusCode: false`\n\n-----------------------------------------------------------\n\nThe request we sent was:\n\nMethod: POST\nURL: http://localhost:4200/undefinedusers/login\nHeaders: {\n  \"Connection\": \"keep-alive\",\n  \"user-agent\": \"Mozilla/5.0 (Windows NT 10.0; Win64; x64) AppleWebKit/537.36 (KHTML, like Gecko) Cypress/6.3.0 Chrome/87.0.4280.141 Electron/11.2.0 Safari/537.36\",\n  \"accept\": \"*/*\",\n  \"accept-encoding\": \"gzip, deflate\",\n  \"content-type\": \"application/json\",\n  \"content-length\": 70\n}\nBody: {\"user\":{\"email\":\"rijuvijayan@gmail.com\",\"password\":\"testautomation\"}}\n\n-----------------------------------------------------------\n\nThe response we got was:\n\nStatus: 404 - Not Found\nHeaders: {\n  \"x-powered-by\": \"Express\",\n  \"access-control-allow-origin\": \"*\",\n  \"content-security-policy\": \"default-src 'none'\",\n  \"x-content-type-options\": \"nosniff\",\n  \"content-type\": \"text/html; charset=utf-8\",\n  \"content-length\": \"160\",\n  \"date\": \"Mon, 01 Feb 2021 03:38:43 GMT\",\n  \"connection\": \"keep-alive\"\n}\nBody: <!DOCTYPE html>\n<html lang=\"en\">\n<head>\n<meta charset=\"utf-8\">\n<title>Error</title>\n</head>\n<body>\n<pre>Cannot POST /undefinedusers/login</pre>\n</body>\n</html>\n\nhttps://on.cypress.io/request\n\nBecause this error occurred during a `before each` hook we are skipping the remaining tests in the current suite: `api testing`\n    at http://localhost:4200/__cypress/runner/cypress_runner.js:159046:21\n    at tryCatcher (http://localhost:4200/__cypress/runner/cypress_runner.js:10609:23)\n    at Promise._settlePromiseFromHandler (http://localhost:4200/__cypress/runner/cypress_runner.js:8544:31)\n    at Promise._settlePromise (http://localhost:4200/__cypress/runner/cypress_runner.js:8601:18)\n    at Promise._settlePromise0 (http://localhost:4200/__cypress/runner/cypress_runner.js:8646:10)\n    at Promise._settlePromises (http://localhost:4200/__cypress/runner/cypress_runner.js:8726:18)\n    at _drainQueueStep (http://localhost:4200/__cypress/runner/cypress_runner.js:5316:12)\n    at _drainQueue (http://localhost:4200/__cypress/runner/cypress_runner.js:5309:9)\n    at Async.../../node_modules/bluebird/js/release/async.js.Async._drainQueues (http://localhost:4200/__cypress/runner/cypress_runner.js:5325:5)\n    at Async.drainQueues (http://localhost:4200/__cypress/runner/cypress_runner.js:5195:14)\nFrom Your Spec Code:\n    at Context.eval (http://localhost:4200/__cypress/tests?p=cypress\\support\\index.js:136:6)",
                "diff": null
              },
              "uuid": "7188c7fc-34e1-441b-9527-08a711606f71",
              "parentUUID": "0e1a15a9-27f0-4e97-a9a5-a4b5e2b5b6d3",
              "isHook": false,
              "skipped": false
            },
            {
              "title": "Intecepting and modifying",
              "fullTitle": "api testing Intecepting and modifying",
              "timedOut": null,
              "duration": 0,
              "state": "skipped",
              "speed": null,
              "pass": false,
              "fail": false,
              "pending": false,
              "context": null,
              "code": "// cy.intercept(\"POST\", \"**/articles\", (req) => {\n//   req.body.article.description =\n//     \"test whats the article about updated through interception\";\n// }).as(\"postArticles\");\ncy.intercept({\n  method: \"POST\",\n  path: \"articles\"\n}, function (req) {\n  req.reply(function (res) {\n    expect(res.body.article.description).to.equal(\"test whats the article about\");\n    res.body.article.description = \"test whats the articles about updated through interception\";\n  });\n}).as(\"postArticles\");\ncy.wait(\"@tags\");\ncy.get('[href=\"/editor\"]').click();\ncy.get('[placeholder=\"Article Title\"]').type(\"Test article\");\ncy.get('[placeholder=\"What\\'s this article about?\"]').type(\"test whats the article about\");\ncy.get('[placeholder=\"Write your article (in markdown)\"]').type(\"Writing the article. testing\");\ncy.get('[placeholder=\"Enter tags\"]').type(\"general\");\ncy.get(\"button\").click();\ncy.wait(\"@postArticles\").its(\"response.statusCode\").should(\"eq\", 200); // cy.get(\"@postArticles\").then((xhr) => {\n//   console.log(xhr);\n//   //expect(xhr.response.statusCode).to.equal(200);\n// });",
              "err": {},
              "uuid": "96d34505-4b8c-4733-9bec-d981c6101cd4",
              "parentUUID": "0e1a15a9-27f0-4e97-a9a5-a4b5e2b5b6d3",
              "isHook": false,
              "skipped": true
            },
            {
              "title": "show your feed",
              "fullTitle": "api testing show your feed",
              "timedOut": null,
              "duration": 0,
              "state": "skipped",
              "speed": null,
              "pass": false,
              "fail": false,
              "pending": false,
              "context": null,
              "code": "cy.intercept(\"GET\", \"**/articles/feed*\", {\n  fixture: \"myArticles.json\"\n}).as(\"myArticles\");\ncy.wait(\"@myArticles\");\ncy.fixture(\"likeArticle\").then(function (file) {\n  var a = file.article.slug;\n  cy.intercept(\"POST\", \"**/articles/\" + a + \"/favorite\", file);\n});\ncy.intercept(\"GET\", \"**/articles*\", {\n  fixture: \"articles.json\"\n}).as(\"articles\");\ncy.contains(\"Global Feed\").click();\ncy.wait(\"@articles\");",
              "err": {},
              "uuid": "af4f7646-a6bc-4c46-b7a0-86dcdfa7d7bf",
              "parentUUID": "0e1a15a9-27f0-4e97-a9a5-a4b5e2b5b6d3",
              "isHook": false,
              "skipped": true
            },
            {
              "title": "delete feed",
              "fullTitle": "api testing delete feed",
              "timedOut": null,
              "duration": 0,
              "state": "skipped",
              "speed": null,
              "pass": false,
              "fail": false,
              "pending": false,
              "context": null,
              "code": "var articleBody = {\n  article: {\n    tagList: [],\n    title: \"test automation\",\n    description: \"article on test automation\",\n    body: \"this is regarding how to perform test automation in a corporate environment\"\n  }\n};\ncy.get(\"@token\").then(function (token) {\n  cy.request({\n    url: \"https://conduit.productionready.io/api/articles/\",\n    headers: {\n      Authorization: \"Token \" + token\n    },\n    method: \"POST\",\n    body: articleBody\n  }).then(function (res) {\n    expect(res.status).to.equal(200);\n    cy.contains(\"Global Feed\").click();\n    cy.get(\".article-preview\").contains(\"test automation\").click();\n    cy.contains(\"Delete Article\").click();\n    cy.request({\n      url: \"https://conduit.productionready.io/api/articles?limit=10&offset=0\",\n      headers: {\n        Authorization: \"Token \" + token\n      },\n      method: \"GET\"\n    }).its(\"body\").then(function (body) {\n      expect(body.articles[0].title).to.be.not.equal(\"test automation\");\n    });\n  });\n});",
              "err": {},
              "uuid": "0c3e45ca-7860-4ce3-84a1-abc0c3f840ee",
              "parentUUID": "0e1a15a9-27f0-4e97-a9a5-a4b5e2b5b6d3",
              "isHook": false,
              "skipped": true
            }
          ],
          "suites": [],
          "passes": [],
          "failures": [
            "7188c7fc-34e1-441b-9527-08a711606f71"
          ],
          "pending": [],
          "skipped": [
            "96d34505-4b8c-4733-9bec-d981c6101cd4",
            "af4f7646-a6bc-4c46-b7a0-86dcdfa7d7bf",
            "0c3e45ca-7860-4ce3-84a1-abc0c3f840ee"
          ],
          "duration": 534,
          "root": false,
          "rootEmpty": false,
          "_timeout": 2000
        }
      ],
      "passes": [],
      "failures": [],
      "pending": [],
      "skipped": [],
      "duration": 0,
      "root": true,
      "rootEmpty": true,
      "_timeout": 2000
    }
  ],
  "meta": {
    "mocha": {
      "version": "7.0.1"
    },
    "mochawesome": {
      "options": {
        "quiet": false,
        "reportFilename": "mochawesome",
        "saveHtml": false,
        "saveJson": true,
        "consoleReporter": "spec",
        "useInlineDiffs": false,
        "code": true
      },
      "version": "6.2.1"
    },
    "marge": {
      "options": {
        "id": "default",
        "reportDir": "cypress/results/mochawesome",
        "overwrite": false,
        "html": false,
        "json": true
      },
      "version": "5.1.0"
    }
  }
}